<?xml version="1.0" encoding="UTF-8"?>
<testsuite xmlns:xsi="http://www.w3.org/2001/XMLSchema-instance" xsi:noNamespaceSchemaLocation="https://maven.apache.org/surefire/maven-surefire-plugin/xsd/surefire-test-report.xsd" name="Steps.LoginTest" time="64.662" tests="2" errors="0" skipped="0" failures="1">
  <properties>
[...]
</properties>
  <testcase name="user can search SauceDemo Page2" classname="Check the SauceDemo Page2" time="49.727"/>
  <testcase name="user can search SauceDemo Page" classname="Check the SauceDemo Page" time="14.079">
    <failure message="Element not found {By.xpath: //*[@id=&apos;inputsupportadnsearch&apos;]}&#10;Expected: exist&#10;Screenshot: file:/C:/Users/VICTOR/Documents/GitHub/TELEFONICA/target/surefire-reports/1682874384980.0.png&#10;Page source: file:/C:/Users/VICTOR/Documents/GitHub/TELEFONICA/target/surefire-reports/1682874384980.0.html&#10;Timeout: 4 s.&#10;Caused by: NoSuchElementException: no such element: Unable to locate element: {&quot;method&quot;:&quot;xpath&quot;,&quot;selector&quot;:&quot;//*[@id=&apos;inputsupportadnsearch&apos;]&quot;}" type="com.codeborne.selenide.ex.ElementNotFound">com.codeborne.selenide.ex.ElementNotFound: 
Element not found {By.xpath: //*[@id='inputsupportadnsearch']}
Expected: exist
Screenshot: file:/C:/Users/VICTOR/Documents/GitHub/TELEFONICA/target/surefire-reports/1682874384980.0.png
Page source: file:/C:/Users/VICTOR/Documents/GitHub/TELEFONICA/target/surefire-reports/1682874384980.0.html
Timeout: 4 s.
Caused by: NoSuchElementException: no such element: Unable to locate element: {"method":"xpath","selector":"//*[@id='inputsupportadnsearch']"}
Caused by: org.openqa.selenium.NoSuchElementException: 
no such element: Unable to locate element: {"method":"xpath","selector":"//*[@id='inputsupportadnsearch']"}
  (Session info: chrome=112.0.5615.138)
For documentation on this error, please visit: https://selenium.dev/exceptions/#no_such_element
Build info: version: '4.9.0', revision: 'd7057100a6'
System info: os.name: 'Windows 10', os.arch: 'amd64', os.version: '10.0', java.version: '17.0.5'
Driver info: org.openqa.selenium.chrome.ChromeDriver
Command: [44577a8467e451701fdc5bac9777a615, findElement {using=xpath, value=//*[@id='inputsupportadnsearch']}]
Capabilities {acceptInsecureCerts: true, browserName: chrome, browserVersion: 112.0.5615.138, chrome: {chromedriverVersion: 112.0.5615.49 (bd2a7bcb881c..., userDataDir: C:\Users\VICTOR\AppData\Loc...}, goog:chromeOptions: {debuggerAddress: localhost:60204}, networkConnectionEnabled: false, pageLoadStrategy: normal, platformName: WINDOWS, proxy: Proxy(), se:cdp: ws://localhost:60204/devtoo..., se:cdpVersion: 112.0.5615.138, setWindowRect: true, strictFileInteractability: false, timeouts: {implicit: 0, pageLoad: 300000, script: 30000}, unhandledPromptBehavior: accept, webauthn:extension:credBlob: true, webauthn:extension:largeBlob: true, webauthn:extension:minPinLength: true, webauthn:extension:prf: true, webauthn:virtualAuthenticators: true}
Session ID: 44577a8467e451701fdc5bac9777a615
</failure>
    <system-err><![CDATA[[main] INFO io.github.bonigarcia.wdm.WebDriverManager - Using chromedriver 112.0.5615.49 (resolved driver for Chrome 112)
[main] INFO io.github.bonigarcia.wdm.WebDriverManager - Exporting webdriver.chrome.driver as C:\Users\VICTOR\.cache\selenium\chromedriver\win32\112.0.5615.49\chromedriver.exe
[main] INFO com.codeborne.selenide.impl.FileHelper - Creating folder: C:\Users\VICTOR\Documents\GitHub\TELEFONICA\target\surefire-reports
[main] INFO com.codeborne.selenide.logevents.SimpleReport - Report for user can search SauceDemo Page
+------------------------------------------------------------------------+----------------------------------------------------+------------+------------+
| Element                                                                | Subject                                            | Status     | ms.        |
+------------------------------------------------------------------------+----------------------------------------------------+------------+------------+
| open                                                                   | https://www.movistar.es/particulares/movistarplus/ | PASS       | 3635       |
| By.xpath: //*[@id='onetrust-pc-btn-handler']                           | is displayed()                                     | PASS       | 37         |
| By.xpath: //*[@id='onetrust-pc-btn-handler']                           | should be(visible)                                 | PASS       | 31         |
| By.xpath: //*[@id='onetrust-pc-btn-handler']                           | click()                                            | PASS       | 138        |
| By.xpath: //*[@id='onetrust-pc-sdk']/div/div[3]/div[1]/button          | click()                                            | PASS       | 160        |
| By.xpath: //*[@id='__next']/header/div[2]/div/div/div[1]/div[2]/a/span | exists()                                           | PASS       | 37         |
| By.xpath: //*[@id='inputsupportadnsearch']                             | send keys(Hola Carlos :).)                         | FAIL       | 4373       |
+------------------------------------------------------------------------+----------------------------------------------------+------------+------------+

]]></system-err>
  </testcase>
</testsuite>