<?xml version="1.0" encoding="UTF-8"?>
<testsuite xmlns:xsi="http://www.w3.org/2001/XMLSchema-instance" xsi:noNamespaceSchemaLocation="https://maven.apache.org/surefire/maven-surefire-plugin/xsd/surefire-test-report.xsd" name="Steps.LoginTest" time="116.527" tests="6" errors="0" skipped="0" failures="3">
  <properties>
[...]
</properties>
  <testcase name="user can search XBOX" classname="Check the HomePage #1" time="16.768">
    <failure message="Element not found {By.xpath: //*[@id=&apos;rso&apos;]/div[1]/div/div/div/div/div/div/div/div[1]/a/h3|//div[@class =&apos;LC20lb MBeuO DKV0Md&apos;]/h3}&#10;Expected: visible&#10;Screenshot: file:/home/victor/Documentos/GitHub/QAProject/target/surefire-reports/1693400321083.0.png&#10;Page source: file:/home/victor/Documentos/GitHub/QAProject/target/surefire-reports/1693400321083.0.html&#10;Timeout: 4 s.&#10;Caused by: NoSuchElementException: no such element: Unable to locate element: {&quot;method&quot;:&quot;xpath&quot;,&quot;selector&quot;:&quot;//*[@id=&apos;rso&apos;]/div[1]/div/div/div/div/div/div/div/div[1]/a/h3|//div[@class =&apos;LC20lb MBeuO DKV0Md&apos;]/h3&quot;}" type="com.codeborne.selenide.ex.ElementNotFound">com.codeborne.selenide.ex.ElementNotFound: 
Element not found {By.xpath: //*[@id='rso']/div[1]/div/div/div/div/div/div/div/div[1]/a/h3|//div[@class ='LC20lb MBeuO DKV0Md']/h3}
Expected: visible
Screenshot: file:/home/victor/Documentos/GitHub/QAProject/target/surefire-reports/1693400321083.0.png
Page source: file:/home/victor/Documentos/GitHub/QAProject/target/surefire-reports/1693400321083.0.html
Timeout: 4 s.
Caused by: NoSuchElementException: no such element: Unable to locate element: {"method":"xpath","selector":"//*[@id='rso']/div[1]/div/div/div/div/div/div/div/div[1]/a/h3|//div[@class ='LC20lb MBeuO DKV0Md']/h3"}
Caused by: org.openqa.selenium.NoSuchElementException: 
no such element: Unable to locate element: {"method":"xpath","selector":"//*[@id='rso']/div[1]/div/div/div/div/div/div/div/div[1]/a/h3|//div[@class ='LC20lb MBeuO DKV0Md']/h3"}
  (Session info: chrome=115.0.5790.170)
For documentation on this error, please visit: https://selenium.dev/exceptions/#no_such_element
Build info: version: '4.9.0', revision: 'd7057100a6'
System info: os.name: 'Linux', os.arch: 'amd64', os.version: '6.2.3-060203-generic', java.version: '11.0.20'
Driver info: org.openqa.selenium.chrome.ChromeDriver
Command: [511627916744b22d72f0ca0617c85270, findElement {using=xpath, value=//*[@id='rso']/div[1]/div/div/div/div/div/div/div/div[1]/a/h3|//div[@class ='LC20lb MBeuO DKV0Md']/h3}]
Capabilities {acceptInsecureCerts: true, browserName: chrome, browserVersion: 115.0.5790.170, chrome: {chromedriverVersion: 114.0.5735.90 (386bc09e8f4f..., userDataDir: /tmp/.com.google.Chrome.ekhmPu}, goog:chromeOptions: {debuggerAddress: localhost:46687}, networkConnectionEnabled: false, pageLoadStrategy: normal, platformName: LINUX, proxy: Proxy(), se:cdp: ws://localhost:46687/devtoo..., se:cdpVersion: 115.0.5790.170, setWindowRect: true, strictFileInteractability: false, timeouts: {implicit: 0, pageLoad: 300000, script: 30000}, unhandledPromptBehavior: accept, webauthn:extension:credBlob: true, webauthn:extension:largeBlob: true, webauthn:extension:minPinLength: true, webauthn:extension:prf: true, webauthn:virtualAuthenticators: true}
Session ID: 511627916744b22d72f0ca0617c85270
</failure>
    <system-err><![CDATA[Unexpected problem occured during version sanity check
Reported exception:
java.lang.AbstractMethodError: Receiver class org.slf4j.simple.SimpleServiceProvider does not define or inherit an implementation of the resolved method 'abstract java.lang.String getRequestedApiVersion()' of interface org.slf4j.spi.SLF4JServiceProvider.
	at org.slf4j.LoggerFactory.versionSanityCheck(LoggerFactory.java:331)
	at org.slf4j.LoggerFactory.performInitialization(LoggerFactory.java:172)
	at org.slf4j.LoggerFactory.getProvider(LoggerFactory.java:455)
	at org.slf4j.LoggerFactory.getILoggerFactory(LoggerFactory.java:441)
	at org.slf4j.LoggerFactory.getLogger(LoggerFactory.java:390)
	at org.slf4j.LoggerFactory.getLogger(LoggerFactory.java:416)
	at com.codeborne.selenide.logevents.SimpleReport.<clinit>(SimpleReport.java:24)
	at Steps.TextReport.<init>(TextReport.java:9)
	at java.base/jdk.internal.reflect.NativeConstructorAccessorImpl.newInstance0(Native Method)
	at java.base/jdk.internal.reflect.NativeConstructorAccessorImpl.newInstance(NativeConstructorAccessorImpl.java:62)
	at java.base/jdk.internal.reflect.DelegatingConstructorAccessorImpl.newInstance(DelegatingConstructorAccessorImpl.java:45)
	at java.base/java.lang.reflect.Constructor.newInstance(Constructor.java:490)
	at io.cucumber.core.runtime.ObjectFactoryServiceLoader$DefaultJavaObjectFactory.cacheNewInstance(ObjectFactoryServiceLoader.java:135)
	at io.cucumber.core.runtime.ObjectFactoryServiceLoader$DefaultJavaObjectFactory.getInstance(ObjectFactoryServiceLoader.java:127)
	at io.cucumber.java.AbstractGlueDefinition.invokeMethod(AbstractGlueDefinition.java:47)
	at io.cucumber.java.JavaHookDefinition.execute(JavaHookDefinition.java:64)
	at io.cucumber.core.runner.CoreHookDefinition.execute(CoreHookDefinition.java:46)
	at io.cucumber.core.runner.HookDefinitionMatch.runStep(HookDefinitionMatch.java:21)
	at io.cucumber.core.runner.ExecutionMode$1.execute(ExecutionMode.java:10)
	at io.cucumber.core.runner.TestStep.executeStep(TestStep.java:86)
	at io.cucumber.core.runner.TestStep.run(TestStep.java:57)
	at io.cucumber.core.runner.TestCase.run(TestCase.java:89)
	at io.cucumber.core.runner.Runner.runPickle(Runner.java:75)
	at io.cucumber.junit.PickleRunners$NoStepDescriptions.lambda$run$0(PickleRunners.java:151)
	at io.cucumber.core.runtime.CucumberExecutionContext.lambda$runTestCase$3(CucumberExecutionContext.java:110)
	at io.cucumber.core.runtime.RethrowingThrowableCollector.executeAndThrow(RethrowingThrowableCollector.java:23)
	at io.cucumber.core.runtime.CucumberExecutionContext.runTestCase(CucumberExecutionContext.java:110)
	at io.cucumber.junit.PickleRunners$NoStepDescriptions.run(PickleRunners.java:148)
	at io.cucumber.junit.FeatureRunner.runChild(FeatureRunner.java:144)
	at io.cucumber.junit.FeatureRunner.runChild(FeatureRunner.java:28)
	at org.junit.runners.ParentRunner$4.run(ParentRunner.java:331)
	at org.junit.runners.ParentRunner$1.schedule(ParentRunner.java:79)
	at org.junit.runners.ParentRunner.runChildren(ParentRunner.java:329)
	at org.junit.runners.ParentRunner.access$100(ParentRunner.java:66)
	at org.junit.runners.ParentRunner$2.evaluate(ParentRunner.java:293)
	at org.junit.runners.ParentRunner$3.evaluate(ParentRunner.java:306)
	at org.junit.runners.ParentRunner.run(ParentRunner.java:413)
	at io.cucumber.junit.FeatureRunner.run(FeatureRunner.java:137)
	at io.cucumber.junit.Cucumber.runChild(Cucumber.java:196)
	at io.cucumber.junit.Cucumber.runChild(Cucumber.java:89)
	at org.junit.runners.ParentRunner$4.run(ParentRunner.java:331)
	at org.junit.runners.ParentRunner$1.schedule(ParentRunner.java:79)
	at org.junit.runners.ParentRunner.runChildren(ParentRunner.java:329)
	at org.junit.runners.ParentRunner.access$100(ParentRunner.java:66)
	at org.junit.runners.ParentRunner$2.evaluate(ParentRunner.java:293)
	at io.cucumber.junit.Cucumber$RunBeforeAllHooks.evaluate(Cucumber.java:266)
	at io.cucumber.junit.Cucumber$RunAfterAllHooks.evaluate(Cucumber.java:281)
	at io.cucumber.junit.Cucumber$StartTestRun.evaluate(Cucumber.java:233)
	at io.cucumber.junit.Cucumber$FinishTestRun.evaluate(Cucumber.java:248)
	at org.junit.runners.ParentRunner$3.evaluate(ParentRunner.java:306)
	at org.junit.runners.ParentRunner.run(ParentRunner.java:413)
	at org.apache.maven.surefire.junit4.JUnit4Provider.execute(JUnit4Provider.java:365)
	at org.apache.maven.surefire.junit4.JUnit4Provider.executeWithRerun(JUnit4Provider.java:273)
	at org.apache.maven.surefire.junit4.JUnit4Provider.executeTestSet(JUnit4Provider.java:238)
	at org.apache.maven.surefire.junit4.JUnit4Provider.invoke(JUnit4Provider.java:159)
	at org.apache.maven.surefire.booter.ForkedBooter.invokeProviderInSameClassLoader(ForkedBooter.java:384)
	at org.apache.maven.surefire.booter.ForkedBooter.runSuitesInProcess(ForkedBooter.java:345)
	at org.apache.maven.surefire.booter.ForkedBooter.execute(ForkedBooter.java:126)
	at org.apache.maven.surefire.booter.ForkedBooter.main(ForkedBooter.java:418)
[main] ERROR io.github.bonigarcia.wdm.online.HttpClient - Error HTTP 404 executing https://chromedriver.storage.googleapis.com/LATEST_RELEASE_115
[main] WARN io.github.bonigarcia.wdm.versions.VersionDetector - Exception reading https://chromedriver.storage.googleapis.com/LATEST_RELEASE_115 to get latest version of chromedriver (Error HTTP 404 executing https://chromedriver.storage.googleapis.com/LATEST_RELEASE_115)
[main] INFO io.github.bonigarcia.wdm.WebDriverManager - Exporting webdriver.chrome.driver as /home/victor/.cache/selenium/chromedriver/linux64/114.0.5735.90/chromedriver
[main] INFO com.codeborne.selenide.impl.WebDriverThreadLocalContainer - No webdriver is bound to current thread: 1 - let's create a new webdriver
[main] INFO com.codeborne.selenide.impl.FileHelper - Creating folder: /home/victor/Documentos/GitHub/QAProject/target/downloads/1693400307093_65924_1
[main] INFO com.codeborne.selenide.webdriver.SelenideNettyClientFactory - Changed readTimeout from PT3M to PT1M30S
Starting ChromeDriver 114.0.5735.90 (386bc09e8f4f2e025eddae123f36f6263096ae49-refs/branch-heads/5735@{#1052}) on port 17313
Only local connections are allowed.
Please see https://chromedriver.chromium.org/security-considerations for suggestions on keeping ChromeDriver safe.
ChromeDriver was started successfully.
[1693400309,196][WARNING]: This version of ChromeDriver has not been tested with Chrome version 115.
[main] INFO com.codeborne.selenide.webdriver.SelenideNettyClientFactory - Changed readTimeout from PT3M to PT1M30S
[main] INFO com.codeborne.selenide.webdriver.SelenideNettyClientFactory - Changed readTimeout from PT3M to PT1M30S
ago. 30, 2023 2:58:30 P. M. org.openqa.selenium.devtools.CdpVersionFinder findNearestMatch
ADVERTENCIA: Unable to find an exact match for CDP version 115, so returning the closest version found: 112
[main] INFO com.codeborne.selenide.webdriver.WebDriverFactory - BrowserName=chrome Version=115.0.5790.170 Platform=LINUX
[main] INFO com.codeborne.selenide.webdriver.WebDriverFactory - Selenide v. 6.13.1
[main] INFO com.codeborne.selenide.webdriver.WebDriverFactory - Selenium WebDriver v. 4.9.0 build revision: d7057100a6
[main] INFO com.codeborne.selenide.drivercommands.CreateDriverCommand - Created webdriver in thread 1: ChromeDriver -> ChromeDriver: chrome on LINUX (511627916744b22d72f0ca0617c85270)
[main] INFO com.codeborne.selenide.drivercommands.DisposablesRegistry - Register WebDriverInstance[config=StaticConfig,webDriver=ChromeDriver: chrome on LINUX (511627916744b22d72f0ca0617c85270),proxy=null,downloadsFolder=/home/victor/Documentos/GitHub/QAProject/target/downloads/1693400307093_65924_1] in 1 [size=1]
[main] INFO com.codeborne.selenide.drivercommands.DisposablesRegistry - Add shutdown hook in 1 [size=1]
[main] INFO com.codeborne.selenide.impl.FileHelper - Creating folder: /home/victor/Documentos/GitHub/QAProject/target/surefire-reports
[main] INFO com.codeborne.selenide.logevents.SimpleReport - Report for user can search XBOX
+-----------------------------------------------------------------------------------------------------------------+------------------------------+------------+------------+
| Element                                                                                                         | Subject                      | Status     | ms.        |
+-----------------------------------------------------------------------------------------------------------------+------------------------------+------------+------------+
| webdriver                                                                                                       | create()                     | PASS       | 3101       |
| open                                                                                                            | https://google.es            | PASS       | 4133       |
| by text: Aceptar todo                                                                                           | is displayed()               | PASS       | 112        |
| by text: Aceptar todo                                                                                           | should be(visible)           | PASS       | 52         |
| by text: Aceptar todo                                                                                           | click()                      | PASS       | 162        |
| by text: Aceptar todo                                                                                           | should(be hidden)            | PASS       | 45         |
| By.name: q                                                                                                      | val(xbox)                    | PASS       | 315        |
| By.name: q                                                                                                      | press enter()                | PASS       | 290        |
| #res .g                                                                                                         | should have(size >= 1)       | PASS       | 3125       |
| by text: Aceptar                                                                                                | is displayed()               | PASS       | 58         |
| #res .g                                                                                                         | should have(text "xbox.com") | PASS       | 90         |
| By.xpath: //*[@id='rso']/div[1]/div/div/div/div/div/div/div/div[1]/a/h3|//div[@class ='LC20lb MBeuO DKV0Md']/h3 | should be(visible)           | FAIL       | 4529       |
+-----------------------------------------------------------------------------------------------------------------+------------------------------+------------+------------+

]]></system-err>
  </testcase>
  <testcase name="user can search XBOX" classname="Check the HomePage #2" time="47.486"/>
  <testcase name="user can search Shopery" classname="Check the HomePage #3" time="11.149"/>
  <testcase name="user can navigate and search results on Movistar.com" classname="Check the Movistar.com" time="16.183">
    <failure message="Element not found {By.xpath: //*[@id=&apos;__next&apos;]/div/div[1]/div/div/div[1]/div/div[6]/div[1]/a}&#10;Expected: visible&#10;Screenshot: file:/home/victor/Documentos/GitHub/QAProject/target/surefire-reports/1693400395911.1.png&#10;Page source: file:/home/victor/Documentos/GitHub/QAProject/target/surefire-reports/1693400395911.1.html&#10;Timeout: 4 s.&#10;Caused by: NoSuchElementException: no such element: Unable to locate element: {&quot;method&quot;:&quot;xpath&quot;,&quot;selector&quot;:&quot;//*[@id=&apos;__next&apos;]/div/div[1]/div/div/div[1]/div/div[6]/div[1]/a&quot;}" type="com.codeborne.selenide.ex.ElementNotFound">com.codeborne.selenide.ex.ElementNotFound: 
Element not found {By.xpath: //*[@id='__next']/div/div[1]/div/div/div[1]/div/div[6]/div[1]/a}
Expected: visible
Screenshot: file:/home/victor/Documentos/GitHub/QAProject/target/surefire-reports/1693400395911.1.png
Page source: file:/home/victor/Documentos/GitHub/QAProject/target/surefire-reports/1693400395911.1.html
Timeout: 4 s.
Caused by: NoSuchElementException: no such element: Unable to locate element: {"method":"xpath","selector":"//*[@id='__next']/div/div[1]/div/div/div[1]/div/div[6]/div[1]/a"}
Caused by: org.openqa.selenium.NoSuchElementException: 
no such element: Unable to locate element: {"method":"xpath","selector":"//*[@id='__next']/div/div[1]/div/div/div[1]/div/div[6]/div[1]/a"}
  (Session info: chrome=115.0.5790.170)
For documentation on this error, please visit: https://selenium.dev/exceptions/#no_such_element
Build info: version: '4.9.0', revision: 'd7057100a6'
System info: os.name: 'Linux', os.arch: 'amd64', os.version: '6.2.3-060203-generic', java.version: '11.0.20'
Driver info: org.openqa.selenium.chrome.ChromeDriver
Command: [511627916744b22d72f0ca0617c85270, findElement {using=xpath, value=//*[@id='__next']/div/div[1]/div/div/div[1]/div/div[6]/div[1]/a}]
Capabilities {acceptInsecureCerts: true, browserName: chrome, browserVersion: 115.0.5790.170, chrome: {chromedriverVersion: 114.0.5735.90 (386bc09e8f4f..., userDataDir: /tmp/.com.google.Chrome.ekhmPu}, goog:chromeOptions: {debuggerAddress: localhost:46687}, networkConnectionEnabled: false, pageLoadStrategy: normal, platformName: LINUX, proxy: Proxy(), se:cdp: ws://localhost:46687/devtoo..., se:cdpVersion: 115.0.5790.170, setWindowRect: true, strictFileInteractability: false, timeouts: {implicit: 0, pageLoad: 300000, script: 30000}, unhandledPromptBehavior: accept, webauthn:extension:credBlob: true, webauthn:extension:largeBlob: true, webauthn:extension:minPinLength: true, webauthn:extension:prf: true, webauthn:virtualAuthenticators: true}
Session ID: 511627916744b22d72f0ca0617c85270
</failure>
    <system-err><![CDATA[[main] INFO com.codeborne.selenide.logevents.SimpleReport - Report for user can navigate and search results on Movistar.com
+---------------------------------------------------------------------------+----------------------------------------------------+------------+------------+
| Element                                                                   | Subject                                            | Status     | ms.        |
+---------------------------------------------------------------------------+----------------------------------------------------+------------+------------+
| open                                                                      | https://www.movistar.es/particulares/movistarplus/ | PASS       | 1921       |
| By.xpath: //*[@id='onetrust-pc-btn-handler']                              | is displayed()                                     | PASS       | 28         |
| By.xpath: //*[@id="__next"]/header/div[2]/div[1]/div[1]/a[7]/div/span     | exists()                                           | PASS       | 14         |
| By.xpath: //*[@id='inputsupportadnsearch']                                | send keys(Hola Carlos :).)                         | PASS       | 126        |
| By.xpath: //*[@id='inputsupportadnsearch']                                | send keys( Como estas?)                            | PASS       | 82         |
| By.xpath: //*[@id='__next']/div/div[1]/div/div/div[2]                     | click()                                            | PASS       | 94         |
| By.xpath: //*[@id='onetrust-pc-btn-handler']                              | is displayed()                                     | PASS       | 37         |
| By.xpath: //*[@id='__next']/div/div[1]/div/div/div[1]/div/div[6]/div[1]/a | should be(visible)                                 | FAIL       | 4702       |
+---------------------------------------------------------------------------+----------------------------------------------------+------------+------------+

]]></system-err>
  </testcase>
  <testcase name="user can search Shopery" classname="Check the HomePage #4" time="15.173"/>
  <testcase name="user can navigate and search results in responsive mobile mode on www.telefonica.com" classname="Check the www.telefonica.com" time="8.916">
    <failure message="Element should be interactable {By.xpath: //*[@id=&apos;onetrust-pc-sdk&apos;]/div[3]/div[1]/div/button[1]}&#10;Element: &apos;&lt;button class=&quot;ot-pc-refuse-all-handler&quot; type=&quot;submit&quot; displayed:false&gt;&lt;/button&gt;&apos;&#10;Actual value: hidden, opacity=1&#10;Screenshot: file:/home/victor/Documentos/GitHub/QAProject/target/surefire-reports/1693400420198.2.png&#10;Page source: file:/home/victor/Documentos/GitHub/QAProject/target/surefire-reports/1693400420198.2.html&#10;Timeout: 4 s." type="com.codeborne.selenide.ex.ElementShould"><![CDATA[com.codeborne.selenide.ex.ElementShould: 
Element should be interactable {By.xpath: //*[@id='onetrust-pc-sdk']/div[3]/div[1]/div/button[1]}
Element: '<button class="ot-pc-refuse-all-handler" type="submit" displayed:false></button>'
Actual value: hidden, opacity=1
Screenshot: file:/home/victor/Documentos/GitHub/QAProject/target/surefire-reports/1693400420198.2.png
Page source: file:/home/victor/Documentos/GitHub/QAProject/target/surefire-reports/1693400420198.2.html
Timeout: 4 s.
]]></failure>
    <system-err><![CDATA[[main] ERROR io.github.bonigarcia.wdm.online.HttpClient - Error HTTP 404 executing https://chromedriver.storage.googleapis.com/LATEST_RELEASE_115
[main] WARN io.github.bonigarcia.wdm.versions.VersionDetector - Exception reading https://chromedriver.storage.googleapis.com/LATEST_RELEASE_115 to get latest version of chromedriver (Error HTTP 404 executing https://chromedriver.storage.googleapis.com/LATEST_RELEASE_115)
[main] INFO io.github.bonigarcia.wdm.WebDriverManager - Exporting webdriver.chrome.driver as /home/victor/.cache/selenium/chromedriver/linux64/114.0.5735.90/chromedriver
[main] INFO com.codeborne.selenide.logevents.SimpleReport - Report for user can navigate and search results in responsive mobile mode on www.telefonica.com
+------------------------------------------------------------------+--------------------------------+------------+------------+
| Element                                                          | Subject                        | Status     | ms.        |
+------------------------------------------------------------------+--------------------------------+------------+------------+
| open                                                             | https://www.telefonica.com/es/ | PASS       | 1464       |
| By.xpath: //*[@id='onetrust-pc-btn-handler']                     | is displayed()                 | PASS       | 32         |
| By.xpath: //*[@id='onetrust-pc-btn-handler']                     | should be(visible)             | PASS       | 24         |
| By.xpath: //*[@id='onetrust-pc-btn-handler']                     | click()                        | PASS       | 1388       |
| By.xpath: //*[@id='onetrust-pc-sdk']/div[3]/div[1]/div/button[1] | click()                        | FAIL       | 4490       |
+------------------------------------------------------------------+--------------------------------+------------+------------+

]]></system-err>
  </testcase>
</testsuite>