<?xml version="1.0" encoding="UTF-8"?>
<testsuite xmlns:xsi="http://www.w3.org/2001/XMLSchema-instance" xsi:noNamespaceSchemaLocation="https://maven.apache.org/surefire/maven-surefire-plugin/xsd/surefire-test-report.xsd" name="Steps.GoogleTest" time="61.715" tests="2" errors="0" skipped="0" failures="0">
  <properties>
[...]
</properties>
  <testcase name="user can search Shopery" classname="Check the HomePage #1" time="26.11"/>
  <testcase name="user can search Accessories on XBOX Page" classname="Check the HomePage #2" time="34.901"/>
</testsuite>