<?xml version="1.0" encoding="UTF-8"?>
<testsuite xmlns:xsi="http://www.w3.org/2001/XMLSchema-instance" xsi:noNamespaceSchemaLocation="https://maven.apache.org/surefire/maven-surefire-plugin/xsd/surefire-test-report.xsd" name="Steps.LoginTest" time="103.226" tests="6" errors="0" skipped="0" failures="3">
  <properties>
[...]
</properties>
  <testcase name="user can search XBOX" classname="Check the HomePage #1" time="26.514">
    <failure message="Element not found {By.xpath: //*[@id=&apos;rso&apos;]/div[1]/div/div/div/div/div/div/div/div[1]/a/h3|//div[@class =&apos;LC20lb MBeuO DKV0Md&apos;]/h3}&#10;Expected: visible&#10;Screenshot: file:/home/victor/Documentos/GitHub/QAProject/target/surefire-reports/1693257236177.0.png&#10;Page source: file:/home/victor/Documentos/GitHub/QAProject/target/surefire-reports/1693257236177.0.html&#10;Timeout: 4 s.&#10;Caused by: NoSuchElementException: no such element: Unable to locate element: {&quot;method&quot;:&quot;xpath&quot;,&quot;selector&quot;:&quot;//*[@id=&apos;rso&apos;]/div[1]/div/div/div/div/div/div/div/div[1]/a/h3|//div[@class =&apos;LC20lb MBeuO DKV0Md&apos;]/h3&quot;}" type="com.codeborne.selenide.ex.ElementNotFound">com.codeborne.selenide.ex.ElementNotFound: 
Element not found {By.xpath: //*[@id='rso']/div[1]/div/div/div/div/div/div/div/div[1]/a/h3|//div[@class ='LC20lb MBeuO DKV0Md']/h3}
Expected: visible
Screenshot: file:/home/victor/Documentos/GitHub/QAProject/target/surefire-reports/1693257236177.0.png
Page source: file:/home/victor/Documentos/GitHub/QAProject/target/surefire-reports/1693257236177.0.html
Timeout: 4 s.
Caused by: NoSuchElementException: no such element: Unable to locate element: {"method":"xpath","selector":"//*[@id='rso']/div[1]/div/div/div/div/div/div/div/div[1]/a/h3|//div[@class ='LC20lb MBeuO DKV0Md']/h3"}
Caused by: org.openqa.selenium.NoSuchElementException: 
no such element: Unable to locate element: {"method":"xpath","selector":"//*[@id='rso']/div[1]/div/div/div/div/div/div/div/div[1]/a/h3|//div[@class ='LC20lb MBeuO DKV0Md']/h3"}
  (Session info: chrome=115.0.5790.170)
For documentation on this error, please visit: https://selenium.dev/exceptions/#no_such_element
Build info: version: '4.9.0', revision: 'd7057100a6'
System info: os.name: 'Linux', os.arch: 'amd64', os.version: '6.2.3-060203-generic', java.version: '11.0.20'
Driver info: org.openqa.selenium.chrome.ChromeDriver
Command: [c760be5d37d340823e159add581bdb0c, findElement {using=xpath, value=//*[@id='rso']/div[1]/div/div/div/div/div/div/div/div[1]/a/h3|//div[@class ='LC20lb MBeuO DKV0Md']/h3}]
Capabilities {acceptInsecureCerts: true, browserName: chrome, browserVersion: 115.0.5790.170, chrome: {chromedriverVersion: 114.0.5735.90 (386bc09e8f4f..., userDataDir: /tmp/.com.google.Chrome.ChjgnB}, goog:chromeOptions: {debuggerAddress: localhost:45757}, networkConnectionEnabled: false, pageLoadStrategy: normal, platformName: LINUX, proxy: Proxy(), se:cdp: ws://localhost:45757/devtoo..., se:cdpVersion: 115.0.5790.170, setWindowRect: true, strictFileInteractability: false, timeouts: {implicit: 0, pageLoad: 300000, script: 30000}, unhandledPromptBehavior: accept, webauthn:extension:credBlob: true, webauthn:extension:largeBlob: true, webauthn:extension:minPinLength: true, webauthn:extension:prf: true, webauthn:virtualAuthenticators: true}
Session ID: c760be5d37d340823e159add581bdb0c
</failure>
    <system-err><![CDATA[Unexpected problem occured during version sanity check
Reported exception:
java.lang.AbstractMethodError: Receiver class org.slf4j.simple.SimpleServiceProvider does not define or inherit an implementation of the resolved method 'abstract java.lang.String getRequestedApiVersion()' of interface org.slf4j.spi.SLF4JServiceProvider.
	at org.slf4j.LoggerFactory.versionSanityCheck(LoggerFactory.java:331)
	at org.slf4j.LoggerFactory.performInitialization(LoggerFactory.java:172)
	at org.slf4j.LoggerFactory.getProvider(LoggerFactory.java:455)
	at org.slf4j.LoggerFactory.getILoggerFactory(LoggerFactory.java:441)
	at org.slf4j.LoggerFactory.getLogger(LoggerFactory.java:390)
	at org.slf4j.LoggerFactory.getLogger(LoggerFactory.java:416)
	at com.codeborne.selenide.logevents.SimpleReport.<clinit>(SimpleReport.java:24)
	at Steps.TextReport.<init>(TextReport.java:9)
	at java.base/jdk.internal.reflect.NativeConstructorAccessorImpl.newInstance0(Native Method)
	at java.base/jdk.internal.reflect.NativeConstructorAccessorImpl.newInstance(NativeConstructorAccessorImpl.java:62)
	at java.base/jdk.internal.reflect.DelegatingConstructorAccessorImpl.newInstance(DelegatingConstructorAccessorImpl.java:45)
	at java.base/java.lang.reflect.Constructor.newInstance(Constructor.java:490)
	at io.cucumber.core.runtime.ObjectFactoryServiceLoader$DefaultJavaObjectFactory.cacheNewInstance(ObjectFactoryServiceLoader.java:135)
	at io.cucumber.core.runtime.ObjectFactoryServiceLoader$DefaultJavaObjectFactory.getInstance(ObjectFactoryServiceLoader.java:127)
	at io.cucumber.java.AbstractGlueDefinition.invokeMethod(AbstractGlueDefinition.java:47)
	at io.cucumber.java.JavaHookDefinition.execute(JavaHookDefinition.java:64)
	at io.cucumber.core.runner.CoreHookDefinition.execute(CoreHookDefinition.java:46)
	at io.cucumber.core.runner.HookDefinitionMatch.runStep(HookDefinitionMatch.java:21)
	at io.cucumber.core.runner.ExecutionMode$1.execute(ExecutionMode.java:10)
	at io.cucumber.core.runner.TestStep.executeStep(TestStep.java:86)
	at io.cucumber.core.runner.TestStep.run(TestStep.java:57)
	at io.cucumber.core.runner.TestCase.run(TestCase.java:89)
	at io.cucumber.core.runner.Runner.runPickle(Runner.java:75)
	at io.cucumber.junit.PickleRunners$NoStepDescriptions.lambda$run$0(PickleRunners.java:151)
	at io.cucumber.core.runtime.CucumberExecutionContext.lambda$runTestCase$3(CucumberExecutionContext.java:110)
	at io.cucumber.core.runtime.RethrowingThrowableCollector.executeAndThrow(RethrowingThrowableCollector.java:23)
	at io.cucumber.core.runtime.CucumberExecutionContext.runTestCase(CucumberExecutionContext.java:110)
	at io.cucumber.junit.PickleRunners$NoStepDescriptions.run(PickleRunners.java:148)
	at io.cucumber.junit.FeatureRunner.runChild(FeatureRunner.java:144)
	at io.cucumber.junit.FeatureRunner.runChild(FeatureRunner.java:28)
	at org.junit.runners.ParentRunner$4.run(ParentRunner.java:331)
	at org.junit.runners.ParentRunner$1.schedule(ParentRunner.java:79)
	at org.junit.runners.ParentRunner.runChildren(ParentRunner.java:329)
	at org.junit.runners.ParentRunner.access$100(ParentRunner.java:66)
	at org.junit.runners.ParentRunner$2.evaluate(ParentRunner.java:293)
	at org.junit.runners.ParentRunner$3.evaluate(ParentRunner.java:306)
	at org.junit.runners.ParentRunner.run(ParentRunner.java:413)
	at io.cucumber.junit.FeatureRunner.run(FeatureRunner.java:137)
	at io.cucumber.junit.Cucumber.runChild(Cucumber.java:196)
	at io.cucumber.junit.Cucumber.runChild(Cucumber.java:89)
	at org.junit.runners.ParentRunner$4.run(ParentRunner.java:331)
	at org.junit.runners.ParentRunner$1.schedule(ParentRunner.java:79)
	at org.junit.runners.ParentRunner.runChildren(ParentRunner.java:329)
	at org.junit.runners.ParentRunner.access$100(ParentRunner.java:66)
	at org.junit.runners.ParentRunner$2.evaluate(ParentRunner.java:293)
	at io.cucumber.junit.Cucumber$RunBeforeAllHooks.evaluate(Cucumber.java:266)
	at io.cucumber.junit.Cucumber$RunAfterAllHooks.evaluate(Cucumber.java:281)
	at io.cucumber.junit.Cucumber$StartTestRun.evaluate(Cucumber.java:233)
	at io.cucumber.junit.Cucumber$FinishTestRun.evaluate(Cucumber.java:248)
	at org.junit.runners.ParentRunner$3.evaluate(ParentRunner.java:306)
	at org.junit.runners.ParentRunner.run(ParentRunner.java:413)
	at org.apache.maven.surefire.junit4.JUnit4Provider.execute(JUnit4Provider.java:365)
	at org.apache.maven.surefire.junit4.JUnit4Provider.executeWithRerun(JUnit4Provider.java:273)
	at org.apache.maven.surefire.junit4.JUnit4Provider.executeTestSet(JUnit4Provider.java:238)
	at org.apache.maven.surefire.junit4.JUnit4Provider.invoke(JUnit4Provider.java:159)
	at org.apache.maven.surefire.booter.ForkedBooter.invokeProviderInSameClassLoader(ForkedBooter.java:384)
	at org.apache.maven.surefire.booter.ForkedBooter.runSuitesInProcess(ForkedBooter.java:345)
	at org.apache.maven.surefire.booter.ForkedBooter.execute(ForkedBooter.java:126)
	at org.apache.maven.surefire.booter.ForkedBooter.main(ForkedBooter.java:418)
[main] ERROR io.github.bonigarcia.wdm.online.HttpClient - Error HTTP 404 executing https://chromedriver.storage.googleapis.com/LATEST_RELEASE_115
[main] WARN io.github.bonigarcia.wdm.versions.VersionDetector - Exception reading https://chromedriver.storage.googleapis.com/LATEST_RELEASE_115 to get latest version of chromedriver (Error HTTP 404 executing https://chromedriver.storage.googleapis.com/LATEST_RELEASE_115)
[main] INFO io.github.bonigarcia.wdm.WebDriverManager - Exporting webdriver.chrome.driver as /home/victor/.cache/selenium/chromedriver/linux64/114.0.5735.90/chromedriver
[main] INFO com.codeborne.selenide.impl.WebDriverThreadLocalContainer - No webdriver is bound to current thread: 1 - let's create a new webdriver
[main] INFO com.codeborne.selenide.impl.FileHelper - Creating folder: /home/victor/Documentos/GitHub/QAProject/target/downloads/1693257212057_89188_1
[main] INFO com.codeborne.selenide.webdriver.SelenideNettyClientFactory - Changed readTimeout from PT3M to PT1M30S
Starting ChromeDriver 114.0.5735.90 (386bc09e8f4f2e025eddae123f36f6263096ae49-refs/branch-heads/5735@{#1052}) on port 22237
Only local connections are allowed.
Please see https://chromedriver.chromium.org/security-considerations for suggestions on keeping ChromeDriver safe.
ChromeDriver was started successfully.
[1693257220,169][WARNING]: This version of ChromeDriver has not been tested with Chrome version 115.
[main] INFO com.codeborne.selenide.webdriver.SelenideNettyClientFactory - Changed readTimeout from PT3M to PT1M30S
[main] INFO com.codeborne.selenide.webdriver.SelenideNettyClientFactory - Changed readTimeout from PT3M to PT1M30S
ago. 28, 2023 11:13:44 P. M. org.openqa.selenium.devtools.CdpVersionFinder findNearestMatch
ADVERTENCIA: Unable to find an exact match for CDP version 115, so returning the closest version found: 112
[main] INFO com.codeborne.selenide.webdriver.WebDriverFactory - BrowserName=chrome Version=115.0.5790.170 Platform=LINUX
[main] INFO com.codeborne.selenide.webdriver.WebDriverFactory - Selenide v. 6.13.1
[main] INFO com.codeborne.selenide.webdriver.WebDriverFactory - Selenium WebDriver v. 4.9.0 build revision: d7057100a6
[main] INFO com.codeborne.selenide.drivercommands.CreateDriverCommand - Created webdriver in thread 1: ChromeDriver -> ChromeDriver: chrome on LINUX (c760be5d37d340823e159add581bdb0c)
[main] INFO com.codeborne.selenide.drivercommands.DisposablesRegistry - Register WebDriverInstance[config=StaticConfig,webDriver=ChromeDriver: chrome on LINUX (c760be5d37d340823e159add581bdb0c),proxy=null,downloadsFolder=/home/victor/Documentos/GitHub/QAProject/target/downloads/1693257212057_89188_1] in 1 [size=1]
[main] INFO com.codeborne.selenide.drivercommands.DisposablesRegistry - Add shutdown hook in 1 [size=1]
[main] INFO com.codeborne.selenide.impl.FileHelper - Creating folder: /home/victor/Documentos/GitHub/QAProject/target/surefire-reports
[main] INFO com.codeborne.selenide.logevents.SimpleReport - Report for user can search XBOX
+-----------------------------------------------------------------------------------------------------------------+------------------------------+------------+------------+
| Element                                                                                                         | Subject                      | Status     | ms.        |
+-----------------------------------------------------------------------------------------------------------------+------------------------------+------------+------------+
| webdriver                                                                                                       | create()                     | PASS       | 12224      |
| open                                                                                                            | https://google.es            | PASS       | 13439      |
| by text: Aceptar todo                                                                                           | is displayed()               | PASS       | 116        |
| by text: Aceptar todo                                                                                           | should be(visible)           | PASS       | 45         |
| by text: Aceptar todo                                                                                           | click()                      | PASS       | 123        |
| by text: Aceptar todo                                                                                           | should(be hidden)            | PASS       | 43         |
| By.name: q                                                                                                      | val(xbox)                    | PASS       | 475        |
| By.name: q                                                                                                      | press enter()                | PASS       | 358        |
| #res .g                                                                                                         | should have(size >= 1)       | PASS       | 3795       |
| #res .g                                                                                                         | should have(text "xbox.com") | PASS       | 86         |
| By.xpath: //*[@id='rso']/div[1]/div/div/div/div/div/div/div/div[1]/a/h3|//div[@class ='LC20lb MBeuO DKV0Md']/h3 | should be(visible)           | FAIL       | 4462       |
+-----------------------------------------------------------------------------------------------------------------+------------------------------+------------+------------+

]]></system-err>
  </testcase>
  <testcase name="user can search XBOX" classname="Check the HomePage #2" time="14.888">
    <failure message="Invalid element state [By.xpath: //*[@id=&apos;uhfLogo&apos;]/img|//*[@id=&apos;emailSup-modal&apos;]/div/div/div[1]/button]: element click intercepted: Element &lt;button data-bi-bhvr=&quot;1234&quot; data-bi-ct=&quot;Button&quot; data-bi-pa=&quot;Body&quot; class=&quot;close&quot; aria-label=&quot;Cerrar ventana de diálogo&quot; data-dismiss=&quot;modal&quot; type=&quot;button&quot;&gt;...&lt;/button&gt; is not clickable at point (962, 90). Other element would receive the click: &lt;div id=&quot;wcpConsentBannerCtrl&quot; class=&quot;_23tra1HsiiP6cT-Cka-ycB&quot; dir=&quot;ltr&quot; role=&quot;alert&quot; style=&quot;overflow-x: visible;&quot;&gt;...&lt;/div&gt;&#10;Screenshot: file:/home/victor/Documentos/GitHub/QAProject/target/surefire-reports/1693257251237.1.png&#10;Page source: file:/home/victor/Documentos/GitHub/QAProject/target/surefire-reports/1693257251237.1.html&#10;Timeout: 4 s.&#10;Caused by: ElementClickInterceptedException: element click intercepted: Element &lt;button data-bi-bhvr=&quot;1234&quot; data-bi-ct=&quot;Button&quot; data-bi-pa=&quot;Body&quot; class=&quot;close&quot; aria-label=&quot;Cerrar ventana de diálogo&quot; data-dismiss=&quot;modal&quot; type=&quot;button&quot;&gt;...&lt;/button&gt; is not clickable at point (962, 90). Other element would receive the click: &lt;div id=&quot;wcpConsentBannerCtrl&quot; class=&quot;_23tra1HsiiP6cT-Cka-ycB&quot; dir=&quot;ltr&quot; role=&quot;alert&quot; style=&quot;overflow-x: visible;&quot;&gt;...&lt;/div&gt;" type="com.codeborne.selenide.ex.InvalidStateException"><![CDATA[com.codeborne.selenide.ex.InvalidStateException: 
Invalid element state [By.xpath: //*[@id='uhfLogo']/img|//*[@id='emailSup-modal']/div/div/div[1]/button]: element click intercepted: Element <button data-bi-bhvr="1234" data-bi-ct="Button" data-bi-pa="Body" class="close" aria-label="Cerrar ventana de diálogo" data-dismiss="modal" type="button">...</button> is not clickable at point (962, 90). Other element would receive the click: <div id="wcpConsentBannerCtrl" class="_23tra1HsiiP6cT-Cka-ycB" dir="ltr" role="alert" style="overflow-x: visible;">...</div>
Screenshot: file:/home/victor/Documentos/GitHub/QAProject/target/surefire-reports/1693257251237.1.png
Page source: file:/home/victor/Documentos/GitHub/QAProject/target/surefire-reports/1693257251237.1.html
Timeout: 4 s.
Caused by: ElementClickInterceptedException: element click intercepted: Element <button data-bi-bhvr="1234" data-bi-ct="Button" data-bi-pa="Body" class="close" aria-label="Cerrar ventana de diálogo" data-dismiss="modal" type="button">...</button> is not clickable at point (962, 90). Other element would receive the click: <div id="wcpConsentBannerCtrl" class="_23tra1HsiiP6cT-Cka-ycB" dir="ltr" role="alert" style="overflow-x: visible;">...</div>
Caused by: org.openqa.selenium.ElementClickInterceptedException: 
element click intercepted: Element <button data-bi-bhvr="1234" data-bi-ct="Button" data-bi-pa="Body" class="close" aria-label="Cerrar ventana de diálogo" data-dismiss="modal" type="button">...</button> is not clickable at point (962, 90). Other element would receive the click: <div id="wcpConsentBannerCtrl" class="_23tra1HsiiP6cT-Cka-ycB" dir="ltr" role="alert" style="overflow-x: visible;">...</div>
  (Session info: chrome=115.0.5790.170)
Build info: version: '4.9.0', revision: 'd7057100a6'
System info: os.name: 'Linux', os.arch: 'amd64', os.version: '6.2.3-060203-generic', java.version: '11.0.20'
Driver info: org.openqa.selenium.chrome.ChromeDriver
Command: [c760be5d37d340823e159add581bdb0c, clickElement {id=3F1CA6A619A24D69CFA50EF86DA6B7C0_element_53}]
Capabilities {acceptInsecureCerts: true, browserName: chrome, browserVersion: 115.0.5790.170, chrome: {chromedriverVersion: 114.0.5735.90 (386bc09e8f4f..., userDataDir: /tmp/.com.google.Chrome.ChjgnB}, goog:chromeOptions: {debuggerAddress: localhost:45757}, networkConnectionEnabled: false, pageLoadStrategy: normal, platformName: LINUX, proxy: Proxy(), se:cdp: ws://localhost:45757/devtoo..., se:cdpVersion: 115.0.5790.170, setWindowRect: true, strictFileInteractability: false, timeouts: {implicit: 0, pageLoad: 300000, script: 30000}, unhandledPromptBehavior: accept, webauthn:extension:credBlob: true, webauthn:extension:largeBlob: true, webauthn:extension:minPinLength: true, webauthn:extension:prf: true, webauthn:virtualAuthenticators: true}
Element: [[ChromeDriver: chrome on LINUX (c760be5d37d340823e159add581bdb0c)] -> xpath: //*[@id='uhfLogo']/img|//*[@id='emailSup-modal']/div/div/div[1]/button]
Session ID: c760be5d37d340823e159add581bdb0c
]]></failure>
    <system-err><![CDATA[[main] ERROR io.github.bonigarcia.wdm.online.HttpClient - Error HTTP 404 executing https://chromedriver.storage.googleapis.com/LATEST_RELEASE_115
[main] WARN io.github.bonigarcia.wdm.versions.VersionDetector - Exception reading https://chromedriver.storage.googleapis.com/LATEST_RELEASE_115 to get latest version of chromedriver (Error HTTP 404 executing https://chromedriver.storage.googleapis.com/LATEST_RELEASE_115)
[main] INFO io.github.bonigarcia.wdm.WebDriverManager - Exporting webdriver.chrome.driver as /home/victor/.cache/selenium/chromedriver/linux64/114.0.5735.90/chromedriver
[main] INFO com.codeborne.selenide.logevents.SimpleReport - Report for user can search XBOX
+----------------------------------------------------------------------------------+--------------------+------------+------------+
| Element                                                                          | Subject            | Status     | ms.        |
+----------------------------------------------------------------------------------+--------------------+------------+------------+
| open                                                                             | https://xbox.com   | PASS       | 2866       |
| by text: Accept                                                                  | is displayed()     | PASS       | 319        |
| By.xpath: //*[@id='uhf-c-nav']/ul/li/div/button/span                             | should be(visible) | PASS       | 64         |
| By.xpath: //*[@id='uhf-c-nav']/ul/li/div/button/span                             | click()            | PASS       | 295        |
| By.xpath: //*[@id='shellmenu_18']                                                | should be(visible) | PASS       | 26         |
| By.xpath: //*[@id='shellmenu_18']                                                | click()            | PASS       | 3433       |
| By.xpath: //*[@id='uhfLogo']/img|//*[@id='emailSup-modal']/div/div/div[1]/button | should be(visible) | PASS       | 93         |
| By.xpath: //*[@id='uhfLogo']/img|//*[@id='emailSup-modal']/div/div/div[1]/button | click()            | FAIL       | 4407       |
+----------------------------------------------------------------------------------+--------------------+------------+------------+

]]></system-err>
  </testcase>
  <testcase name="user can search Shopery" classname="Check the HomePage #3" time="10.42"/>
  <testcase name="user can navigate and search results on Movistar.com" classname="Check the Movistar.com" time="15.024">
    <failure message="Element not found {By.xpath: //*[@id=&apos;__next&apos;]/div/div[1]/div/div/div[1]/div/div[6]/div[1]/a}&#10;Expected: visible&#10;Screenshot: file:/home/victor/Documentos/GitHub/QAProject/target/surefire-reports/1693257276766.2.png&#10;Page source: file:/home/victor/Documentos/GitHub/QAProject/target/surefire-reports/1693257276766.2.html&#10;Timeout: 4 s.&#10;Caused by: NoSuchElementException: no such element: Unable to locate element: {&quot;method&quot;:&quot;xpath&quot;,&quot;selector&quot;:&quot;//*[@id=&apos;__next&apos;]/div/div[1]/div/div/div[1]/div/div[6]/div[1]/a&quot;}" type="com.codeborne.selenide.ex.ElementNotFound">com.codeborne.selenide.ex.ElementNotFound: 
Element not found {By.xpath: //*[@id='__next']/div/div[1]/div/div/div[1]/div/div[6]/div[1]/a}
Expected: visible
Screenshot: file:/home/victor/Documentos/GitHub/QAProject/target/surefire-reports/1693257276766.2.png
Page source: file:/home/victor/Documentos/GitHub/QAProject/target/surefire-reports/1693257276766.2.html
Timeout: 4 s.
Caused by: NoSuchElementException: no such element: Unable to locate element: {"method":"xpath","selector":"//*[@id='__next']/div/div[1]/div/div/div[1]/div/div[6]/div[1]/a"}
Caused by: org.openqa.selenium.NoSuchElementException: 
no such element: Unable to locate element: {"method":"xpath","selector":"//*[@id='__next']/div/div[1]/div/div/div[1]/div/div[6]/div[1]/a"}
  (Session info: chrome=115.0.5790.170)
For documentation on this error, please visit: https://selenium.dev/exceptions/#no_such_element
Build info: version: '4.9.0', revision: 'd7057100a6'
System info: os.name: 'Linux', os.arch: 'amd64', os.version: '6.2.3-060203-generic', java.version: '11.0.20'
Driver info: org.openqa.selenium.chrome.ChromeDriver
Command: [c760be5d37d340823e159add581bdb0c, findElement {using=xpath, value=//*[@id='__next']/div/div[1]/div/div/div[1]/div/div[6]/div[1]/a}]
Capabilities {acceptInsecureCerts: true, browserName: chrome, browserVersion: 115.0.5790.170, chrome: {chromedriverVersion: 114.0.5735.90 (386bc09e8f4f..., userDataDir: /tmp/.com.google.Chrome.ChjgnB}, goog:chromeOptions: {debuggerAddress: localhost:45757}, networkConnectionEnabled: false, pageLoadStrategy: normal, platformName: LINUX, proxy: Proxy(), se:cdp: ws://localhost:45757/devtoo..., se:cdpVersion: 115.0.5790.170, setWindowRect: true, strictFileInteractability: false, timeouts: {implicit: 0, pageLoad: 300000, script: 30000}, unhandledPromptBehavior: accept, webauthn:extension:credBlob: true, webauthn:extension:largeBlob: true, webauthn:extension:minPinLength: true, webauthn:extension:prf: true, webauthn:virtualAuthenticators: true}
Session ID: c760be5d37d340823e159add581bdb0c
</failure>
    <system-err><![CDATA[[main] INFO com.codeborne.selenide.logevents.SimpleReport - Report for user can navigate and search results on Movistar.com
+---------------------------------------------------------------------------+----------------------------------------------------+------------+------------+
| Element                                                                   | Subject                                            | Status     | ms.        |
+---------------------------------------------------------------------------+----------------------------------------------------+------------+------------+
| open                                                                      | https://www.movistar.es/particulares/movistarplus/ | PASS       | 1026       |
| By.xpath: //*[@id='onetrust-pc-btn-handler']                              | is displayed()                                     | PASS       | 20         |
| By.xpath: //*[@id="__next"]/header/div[2]/div[1]/div[1]/a[7]/div/span     | exists()                                           | PASS       | 17         |
| By.xpath: //*[@id='inputsupportadnsearch']                                | send keys(Hola Carlos :).)                         | PASS       | 180        |
| By.xpath: //*[@id='inputsupportadnsearch']                                | send keys( Como estas?)                            | PASS       | 91         |
| By.xpath: //*[@id='__next']/div/div[1]/div/div/div[2]                     | click()                                            | PASS       | 91         |
| By.xpath: //*[@id='onetrust-pc-btn-handler']                              | is displayed()                                     | PASS       | 39         |
| By.xpath: //*[@id='__next']/div/div[1]/div/div/div[1]/div/div[6]/div[1]/a | should be(visible)                                 | FAIL       | 4362       |
+---------------------------------------------------------------------------+----------------------------------------------------+------------+------------+

]]></system-err>
  </testcase>
  <testcase name="user can search Shopery" classname="Check the HomePage #4" time="16.037"/>
  <testcase name="user can navigate and search results in responsive mobile mode on www.telefonica.com" classname="Check the www.telefonica.com" time="19.288"/>
</testsuite>