<?xml version="1.0" encoding="UTF-8"?>
<testsuite xmlns:xsi="http://www.w3.org/2001/XMLSchema-instance" xsi:noNamespaceSchemaLocation="https://maven.apache.org/surefire/maven-surefire-plugin/xsd/surefire-test-report.xsd" name="Steps.GoogleTest" time="81.974" tests="2" errors="1" skipped="0" failures="1">
  <properties>
[...]
</properties>
  <testcase name="user can search Blizzard Games" classname="Check the HomePage #1" time="35.328">
    <failure type="java.lang.AssertionError">java.lang.AssertionError
</failure>
    <system-err><![CDATA[[main] INFO com.codeborne.selenide.impl.WebDriverThreadLocalContainer - No webdriver is bound to current thread: 1 - let's create a new webdriver
[main] INFO com.codeborne.selenide.impl.FileHelper - Creating folder: C:\Users\VICTOR\Documents\GitHub\QAProject\target\downloads\1668309576622_11152_1
[main] INFO io.github.bonigarcia.wdm.WebDriverManager - Using chromedriver 107.0.5304.62 (resolved driver for Chrome 107)
[main] INFO io.github.bonigarcia.wdm.WebDriverManager - Exporting webdriver.chrome.driver as C:\Users\VICTOR\.cache\selenium\chromedriver\win32\107.0.5304.62\chromedriver.exe
Starting ChromeDriver 107.0.5304.62 (1eec40d3a5764881c92085aaee66d25075c159aa-refs/branch-heads/5304@{#942}) on port 49482
Only local connections are allowed.
Please see https://chromedriver.chromium.org/security-considerations for suggestions on keeping ChromeDriver safe.
ChromeDriver was started successfully.
nov 13, 2022 4:19:41 A. M. org.openqa.selenium.remote.ProtocolHandshake createSession
INFO: Detected dialect: W3C
nov 13, 2022 4:19:41 A. M. org.openqa.selenium.devtools.CdpVersionFinder findNearestMatch
WARNING: Unable to find an exact match for CDP version 107, so returning the closest version found: a no-op implementation
nov 13, 2022 4:19:41 A. M. org.openqa.selenium.devtools.CdpVersionFinder findNearestMatch
INFO: Unable to find CDP implementation matching 107.
nov 13, 2022 4:19:41 A. M. org.openqa.selenium.chromium.ChromiumDriver lambda$new$3
WARNING: Unable to find version of CDP to use for . You may need to include a dependency on a specific version of the CDP using something similar to `org.seleniumhq.selenium:selenium-devtools-v86:4.0.0` where the version ("v86") matches the version of the chromium-based browser you're using and the version number of the artifact is the same as Selenium's.
[main] INFO com.codeborne.selenide.webdriver.HttpClientTimeouts - Changed connectTimeout from PT10S to PT10S
[main] INFO com.codeborne.selenide.webdriver.HttpClientTimeouts - Changed readTimeout from PT3M to PT3M
[main] INFO com.codeborne.selenide.webdriver.BrowserResizer - Set browser size to 1366x768
[main] INFO com.codeborne.selenide.webdriver.WebDriverFactory - BrowserName=chrome Version=107.0.5304.107 Platform=WINDOWS
[main] INFO com.codeborne.selenide.webdriver.WebDriverFactory - Selenide v. 6.0.3
[main] INFO com.codeborne.selenide.webdriver.WebDriverFactory - Selenium WebDriver v. 4.0.0 build revision: 3a21814679
[main] INFO com.codeborne.selenide.drivercommands.CreateDriverCommand - Create webdriver in current thread 1: ChromeDriver -> ChromeDriver: chrome on WINDOWS (656554a5a14bca2760dcb7e65f754419)
[main] INFO com.codeborne.selenide.logevents.SimpleReport - Report for user can search Blizzard Games
+----------------------------------------------------------------------------------------------------------------------------------------------------------+----------------------------------------------------------------------+----------+----------+
|Element                                                                                                                                                   |Subject                                                               |Status    |ms.       |
+----------------------------------------------------------------------------------------------------------------------------------------------------------+----------------------------------------------------------------------+----------+----------+
|open                                                                                                                                                      |https://google.es                                                     |PASS      |8735      |
|by text: Aceptar todo                                                                                                                                     |is displayed()                                                        |PASS      |107       |
|by text: Aceptar todo                                                                                                                                     |should be(visible)                                                    |PASS      |43        |
|by text: Aceptar todo                                                                                                                                     |click()                                                               |PASS      |86        |
|by text: Aceptar todo                                                                                                                                     |should(hidden)                                                        |PASS      |35        |
|By.name: q                                                                                                                                                |val(blizzard)                                                         |PASS      |144       |
|By.name: q                                                                                                                                                |press enter()                                                         |PASS      |2023      |
|#res .g                                                                                                                                                   |should have(size >= 1)                                                |PASS      |21        |
|#res .g                                                                                                                                                   |should have(text "blizzard.com")                                      |PASS      |76        |
|By.xpath: //*[@id='rso']/div[1]/div/div/div/div/div/div/div/div[1]/a/h3                                                                                   |should be(visible)                                                    |PASS      |34        |
|By.xpath: //*[@id='rso']/div[1]/div/div/div/div/div/div/div/div[1]/a/h3                                                                                   |click()                                                               |PASS      |84        |
|by text: Aceptar todas las cookies                                                                                                                        |is displayed()                                                        |PASS      |42        |
|By.xpath: /html/body/div[2]/section[1]/div[2]/div/div[2]/ul/li[3]/a/blz-promotion                                                                         |get wrapped element()                                                 |PASS      |13035     |
|By.xpath: /html/body/div[2]/section[1]/div[2]/div/div[2]/ul/li[6]/a/blz-promotion|/html/body/div[2]/section[1]/div[2]/div/div[2]/ul/li[8]/a/blz-promotion |get wrapped element()                                                 |PASS      |44        |
|By.xpath: /html/body/div[2]/section[1]/div[2]/div/div[2]/ul/li[5]/a/blz-promotion|/html/body/div[2]/section[1]/div[2]/div/div[2]/ul/li[7]/a/blz-promotion |get wrapped element()                                                 |PASS      |22        |
|By.xpath: /html/body/div[2]/section[1]/div[2]/div/div[2]/ul/li[4]/a/blz-promotion|/html/body/div[2]/section[1]/div[2]/div/div[2]/ul/li[6]/a/blz-promotion |get wrapped element()                                                 |PASS      |38        |
|By.xpath: /html/body/div[2]/section[1]/blz-section/div[1]/blz-header/h2                                                                                   |scroll to()                                                           |PASS      |68        |
|By.xpath: /html/body/div[2]/section[1]/blz-section/div[1]/blz-header/h2                                                                                   |equals(Juegos destacados)                                             |PASS      |28        |
+----------------------------------------------------------------------------------------------------------------------------------------------------------+----------------------------------------------------------------------+----------+----------+

]]></system-err>
  </testcase>
  <testcase name="user can search Accessories on XBOX Page" classname="Check the HomePage #2" time="45.887">
    <error message="java.lang.reflect.InvocationTargetException&#10;Build info: version: &apos;4.0.0&apos;, revision: &apos;3a21814679&apos;&#10;System info: host: &apos;DESKTOP-DO0KF1E&apos;, ip: &apos;192.168.1.33&apos;, os.name: &apos;Windows 10&apos;, os.arch: &apos;amd64&apos;, os.version: &apos;10.0&apos;, java.version: &apos;17.0.5&apos;&#10;Driver info: org.openqa.selenium.chrome.ChromeDriver&#10;Command: [656554a5a14bca2760dcb7e65f754419, actions {actions=[org.openqa.selenium.interactions.Sequence@1c52552f]}]&#10;Capabilities {acceptInsecureCerts: true, browserName: chrome, browserVersion: 107.0.5304.107, chrome: {chromedriverVersion: 107.0.5304.62 (1eec40d3a576..., userDataDir: C:\Users\VICTOR\AppData\Loc...}, goog:chromeOptions: {debuggerAddress: localhost:50390}, javascriptEnabled: true, networkConnectionEnabled: false, pageLoadStrategy: normal, platform: WINDOWS, platformName: WINDOWS, proxy: Proxy(), se:cdp: ws://localhost:50390/devtoo..., se:cdpVersion: 107.0.5304.107, setWindowRect: true, strictFileInteractability: false, timeouts: {implicit: 0, pageLoad: 300000, script: 30000}, unhandledPromptBehavior: dismiss and notify, webauthn:extension:credBlob: true, webauthn:extension:largeBlob: true, webauthn:virtualAuthenticators: true}&#10;Session ID: 656554a5a14bca2760dcb7e65f754419" type="org.openqa.selenium.json.JsonException">org.openqa.selenium.json.JsonException: 
java.lang.reflect.InvocationTargetException
Build info: version: '4.0.0', revision: '3a21814679'
System info: host: 'DESKTOP-DO0KF1E', ip: '192.168.1.33', os.name: 'Windows 10', os.arch: 'amd64', os.version: '10.0', java.version: '17.0.5'
Driver info: org.openqa.selenium.chrome.ChromeDriver
Command: [656554a5a14bca2760dcb7e65f754419, actions {actions=[org.openqa.selenium.interactions.Sequence@1c52552f]}]
Capabilities {acceptInsecureCerts: true, browserName: chrome, browserVersion: 107.0.5304.107, chrome: {chromedriverVersion: 107.0.5304.62 (1eec40d3a576..., userDataDir: C:\Users\VICTOR\AppData\Loc...}, goog:chromeOptions: {debuggerAddress: localhost:50390}, javascriptEnabled: true, networkConnectionEnabled: false, pageLoadStrategy: normal, platform: WINDOWS, platformName: WINDOWS, proxy: Proxy(), se:cdp: ws://localhost:50390/devtoo..., se:cdpVersion: 107.0.5304.107, setWindowRect: true, strictFileInteractability: false, timeouts: {implicit: 0, pageLoad: 300000, script: 30000}, unhandledPromptBehavior: dismiss and notify, webauthn:extension:credBlob: true, webauthn:extension:largeBlob: true, webauthn:virtualAuthenticators: true}
Session ID: 656554a5a14bca2760dcb7e65f754419
Caused by: java.lang.reflect.InvocationTargetException
Caused by: com.codeborne.selenide.ex.ElementNotFound: 
Element not found {By.xpath: //*[@id='BodyContent']/div[1]/div/div[2]/ol/li[3]/a/div[2]/div}
Expected: exist
Screenshot: file:/C:/Users/VICTOR/Documents/GitHub/QAProject/target/surefire-reports/1668309656613.0.png
Page source: file:/C:/Users/VICTOR/Documents/GitHub/QAProject/target/surefire-reports/1668309656613.0.html
Timeout: 4 s.
Caused by: NoSuchElementException: no such element: Unable to locate element: {"method":"xpath","selector":"//*[@id='BodyContent']/div[1]/div/div[2]/ol/li[3]/a/div[2]/div"}
Caused by: org.openqa.selenium.NoSuchElementException: 
no such element: Unable to locate element: {"method":"xpath","selector":"//*[@id='BodyContent']/div[1]/div/div[2]/ol/li[3]/a/div[2]/div"}
  (Session info: headless chrome=107.0.5304.107)
For documentation on this error, please visit: https://selenium.dev/exceptions/#no_such_element
Build info: version: '4.0.0', revision: '3a21814679'
System info: host: 'DESKTOP-DO0KF1E', ip: '192.168.1.33', os.name: 'Windows 10', os.arch: 'amd64', os.version: '10.0', java.version: '17.0.5'
Driver info: org.openqa.selenium.chrome.ChromeDriver
Command: [656554a5a14bca2760dcb7e65f754419, findElement {using=xpath, value=//*[@id='BodyContent']/div[1]/div/div[2]/ol/li[3]/a/div[2]/div}]
Capabilities {acceptInsecureCerts: true, browserName: chrome, browserVersion: 107.0.5304.107, chrome: {chromedriverVersion: 107.0.5304.62 (1eec40d3a576..., userDataDir: C:\Users\VICTOR\AppData\Loc...}, goog:chromeOptions: {debuggerAddress: localhost:50390}, javascriptEnabled: true, networkConnectionEnabled: false, pageLoadStrategy: normal, platform: WINDOWS, platformName: WINDOWS, proxy: Proxy(), se:cdp: ws://localhost:50390/devtoo..., se:cdpVersion: 107.0.5304.107, setWindowRect: true, strictFileInteractability: false, timeouts: {implicit: 0, pageLoad: 300000, script: 30000}, unhandledPromptBehavior: dismiss and notify, webauthn:extension:credBlob: true, webauthn:extension:largeBlob: true, webauthn:virtualAuthenticators: true}
Session ID: 656554a5a14bca2760dcb7e65f754419
</error>
    <system-err><![CDATA[Exception "java.lang.ClassNotFoundException: com/intellij/openapi/editor/RawText"while constructing DataFlavor for: application/x-java-jvm-local-objectref; class=com.intellij.openapi.editor.RawText
Exception "java.lang.ClassNotFoundException: com/intellij/openapi/editor/RawText"while constructing DataFlavor for: application/x-java-jvm-local-objectref; class=com.intellij.openapi.editor.RawText
Exception "java.lang.ClassNotFoundException: com/intellij/codeInsight/editorActions/FoldingData"while constructing DataFlavor for: application/x-java-jvm-local-objectref; class=com.intellij.codeInsight.editorActions.FoldingData
Exception "java.lang.ClassNotFoundException: com/intellij/codeInsight/editorActions/FoldingData"while constructing DataFlavor for: application/x-java-jvm-local-objectref; class=com.intellij.codeInsight.editorActions.FoldingData
[Forwarding actions on session 656554a5a14bca2760dcb7e65f754419 to remote] INFO com.codeborne.selenide.impl.FileHelper - Creating folder: C:\Users\VICTOR\Documents\GitHub\QAProject\target\surefire-reports
[main] INFO com.codeborne.selenide.logevents.SimpleReport - Report for user can search Accessories on XBOX Page
+-------------------------------------------------------------------------------------------+----------------------------------------------------------------------+----------+----------+
|Element                                                                                    |Subject                                                               |Status    |ms.       |
+-------------------------------------------------------------------------------------------+----------------------------------------------------------------------+----------+----------+
|open                                                                                       |https://xbox.com                                                      |PASS      |8368      |
|by text: Accept                                                                            |is displayed()                                                        |PASS      |475       |
|By.xpath: //*[@id='uhf-c-nav']/ul/li/div/button/span                                       |should be(visible)                                                    |PASS      |182       |
|By.xpath: //*[@id='uhf-c-nav']/ul/li/div/button/span                                       |click()                                                               |PASS      |736       |
|By.xpath: //*[@id='shellmenu_18']                                                          |should be(visible)                                                    |PASS      |38        |
|By.xpath: //*[@id='shellmenu_18']                                                          |click()                                                               |PASS      |4595      |
|By.xpath: //*[@id='uhfLogo']/img|//*[@id='emailSup-modal']/div/div/div[1]/button           |should be(visible)                                                    |PASS      |133       |
|By.xpath: //*[@id='uhfLogo']/img|//*[@id='emailSup-modal']/div/div/div[1]/button           |click()                                                               |PASS      |78        |
|By.xpath: //*[@id='highlight-uid3412']/div[1]/picture/img                                  |should be(visible)                                                    |PASS      |76        |
|By.xpath: //*[@id='highlight-uid3412']/div[1]/picture/img                                  |should be(image)                                                      |PASS      |27        |
|By.xpath: //*[@id='search']                                                                |should be(visible)                                                    |PASS      |73        |
|By.xpath: //*[@id='search']                                                                |click()                                                               |PASS      |86        |
|By.id: cli_shellHeaderSearchInput                                                          |val(Series X )                                                        |PASS      |227       |
|By.id: cli_shellHeaderSearchInput                                                          |press enter()                                                         |PASS      |2151      |
|By.xpath: //*[@id='rootContainer_Search']/div/div[4]/div/ul/li[1]/div/div/h4/a             |should be(visible)                                                    |PASS      |56        |
|By.xpath: //*[@id='rootContainer_Search']/div/div[4]/div/ul/li[1]/div/div/h4/a             |click()                                                               |PASS      |1405      |
|By.xpath: //*[@id='c-shellmenu_57']                                                        |should be(visible)                                                    |PASS      |65        |
|By.xpath: //*[@id='c-shellmenu_57']                                                        |click()                                                               |PASS      |163       |
|By.xpath: //*[@id='c-shellmenu_58']                                                        |should be(visible)                                                    |PASS      |387       |
|By.xpath: //*[@id='c-shellmenu_58']                                                        |click()                                                               |PASS      |1564      |
|By.xpath: //*[@id='navMenuItemDealsWeek']                                                  |should be(visible)                                                    |PASS      |865       |
|By.xpath: //*[@id='navMenuItemDealsWeek']                                                  |click()                                                               |PASS      |1814      |
|By.xpath: //*[@id='ContentBlockList_3']/div/div/a[5]/div/div/img                           |should be(visible)                                                    |PASS      |143       |
|By.xpath: //*[@id='ContentBlockList_3']/div/div/a[5]/div/div/img                           |click()                                                               |PASS      |373       |
|By.xpath: //*[@id='gamepass-root']/div/div/header/div/div[1]/div/div[2]/form/div/div/input |scroll to()                                                           |PASS      |34        |
|By.xpath: //*[@id='BodyContent']/div[1]/div/div[2]/ol/li[3]/a/div[2]/div                   |get wrapped element()                                                 |PASS      |15        |
|By.xpath: //*[@id='BodyContent']/div[1]/div/div[2]/ol/li[3]/a/div[2]/div                   |get wrapped element()                                                 |FAIL      |5082      |
+-------------------------------------------------------------------------------------------+----------------------------------------------------------------------+----------+----------+

]]></system-err>
  </testcase>
</testsuite>